<?xml version="1.0" encoding="utf-8"?>
<CoverageSession xmlns:xsd="http://www.w3.org/2001/XMLSchema" xmlns:xsi="http://www.w3.org/2001/XMLSchema-instance" Version="0.0.0.0">
  <Summary numSequencePoints="34" visitedSequencePoints="34" numBranchPoints="0" visitedBranchPoints="0" sequenceCoverage="100.0" branchCoverage="0.0" maxCyclomaticComplexity="0" minCyclomaticComplexity="0" maxCrapScore="0" minCrapScore="0" visitedClasses="3" numClasses="3" visitedMethods="7" numMethods="7" />
  <Modules>
    <Module>
      <Summary numSequencePoints="20" visitedSequencePoints="20" numBranchPoints="0" visitedBranchPoints="0" sequenceCoverage="100.0" branchCoverage="0.0" maxCyclomaticComplexity="0" minCyclomaticComplexity="0" maxCrapScore="0" minCrapScore="0" visitedClasses="2" numClasses="2" visitedMethods="5" numMethods="5" />
      <ModuleTime>0001-01-01T00:00:00</ModuleTime>
      <ModuleName>VoxelCommon</ModuleName>
      <Files>
        <File uid="10" fullPath="C:/Users/nico_/OneDrive/Documents/GitHub/Elysian-Outpost/Elysian-Outpost/Assets/Scripts/ECS_Voxels/VoxelDisplay/Voxel.cs" />
      </Files>
      <Classes>
        <Class>
          <Summary numSequencePoints="13" visitedSequencePoints="13" numBranchPoints="0" visitedBranchPoints="0" sequenceCoverage="100.0" branchCoverage="0.0" maxCyclomaticComplexity="0" minCyclomaticComplexity="0" maxCrapScore="0" minCrapScore="0" visitedClasses="1" numClasses="1" visitedMethods="3" numMethods="3" />
          <FullName>VoxelChunkBuilder</FullName>
          <Methods>
            <Method visited="true" cyclomaticComplexity="0" nPathComplexity="0" sequenceCoverage="100.0" branchCoverage="0" crapScore="0" isConstructor="false" isStatic="false" isGetter="false" isSetter="false">
              <Summary numSequencePoints="4" visitedSequencePoints="4" numBranchPoints="0" visitedBranchPoints="0" sequenceCoverage="100.0" branchCoverage="0" maxCyclomaticComplexity="0" minCyclomaticComplexity="0" maxCrapScore="0" minCrapScore="0" visitedClasses="0" numClasses="0" visitedMethods="1" numMethods="1" />
              <MetadataToken>100663298</MetadataToken>
              <Name>System.Void VoxelChunkBuilder::AddVoxelDataPosition(Voxel)</Name>
              <FileRef uid="10" />
              <SequencePoints>
                <SequencePoint vc="8192" uspid="3753" ordinal="0" offset="0" sl="38" sc="54" el="38" ec="54" bec="0" bev="0" fileid="10">
                  <TrackedMethodRefs>
                    <TrackedMethodRef uid="0" vc="8192" />
                  </TrackedMethodRefs>
                </SequencePoint>
                <SequencePoint vc="8192" uspid="3754" ordinal="0" offset="1" sl="39" sc="9" el="39" ec="9" bec="0" bev="0" fileid="10">
                  <TrackedMethodRefs>
                    <TrackedMethodRef uid="0" vc="8192" />
                  </TrackedMethodRefs>
                </SequencePoint>
                <SequencePoint vc="8192" uspid="3755" ordinal="0" offset="20" sl="40" sc="9" el="40" ec="9" bec="0" bev="0" fileid="10">
                  <TrackedMethodRefs>
                    <TrackedMethodRef uid="0" vc="8192" />
                  </TrackedMethodRefs>
                </SequencePoint>
                <SequencePoint vc="8192" uspid="3756" ordinal="0" offset="34" sl="41" sc="5" el="41" ec="5" bec="0" bev="0" fileid="10">
                  <TrackedMethodRefs>
                    <TrackedMethodRef uid="0" vc="8192" />
                  </TrackedMethodRefs>
                </SequencePoint>
              </SequencePoints>
              <BranchPoints />
            </Method>
            <Method visited="true" cyclomaticComplexity="0" nPathComplexity="0" sequenceCoverage="100.0" branchCoverage="0" crapScore="0" isConstructor="false" isStatic="false" isGetter="false" isSetter="false">
              <Summary numSequencePoints="3" visitedSequencePoints="3" numBranchPoints="0" visitedBranchPoints="0" sequenceCoverage="100.0" branchCoverage="0" maxCyclomaticComplexity="0" minCyclomaticComplexity="0" maxCrapScore="0" minCrapScore="0" visitedClasses="0" numClasses="0" visitedMethods="1" numMethods="1" />
              <MetadataToken>100663302</MetadataToken>
              <Name>VoxelChunkData VoxelChunkBuilder::Build()</Name>
              <FileRef uid="10" />
              <SequencePoints>
                <SequencePoint vc="1" uspid="3766" ordinal="0" offset="0" sl="56" sc="35" el="56" ec="35" bec="0" bev="0" fileid="10">
                  <TrackedMethodRefs>
                    <TrackedMethodRef uid="0" vc="1" />
                  </TrackedMethodRefs>
                </SequencePoint>
                <SequencePoint vc="1" uspid="3767" ordinal="0" offset="1" sl="57" sc="9" el="57" ec="9" bec="0" bev="0" fileid="10">
                  <TrackedMethodRefs>
                    <TrackedMethodRef uid="0" vc="1" />
                  </TrackedMethodRefs>
                </SequencePoint>
                <SequencePoint vc="1" uspid="3768" ordinal="0" offset="21" sl="58" sc="5" el="58" ec="5" bec="0" bev="0" fileid="10">
                  <TrackedMethodRefs>
                    <TrackedMethodRef uid="0" vc="1" />
                  </TrackedMethodRefs>
                </SequencePoint>
              </SequencePoints>
              <BranchPoints />
            </Method>
            <Method visited="true" cyclomaticComplexity="0" nPathComplexity="0" sequenceCoverage="100.0" branchCoverage="0" crapScore="0" isConstructor="true" isStatic="false" isGetter="false" isSetter="false">
              <Summary numSequencePoints="6" visitedSequencePoints="6" numBranchPoints="0" visitedBranchPoints="0" sequenceCoverage="100.0" branchCoverage="0" maxCyclomaticComplexity="0" minCyclomaticComplexity="0" maxCrapScore="0" minCrapScore="0" visitedClasses="0" numClasses="0" visitedMethods="1" numMethods="1" />
              <MetadataToken>100663297</MetadataToken>
              <Name>VoxelChunkBuilder::VoxelChunkBuilder(Unity.Mathematics.int3, Unity.Collections.Allocator)</Name>
              <FileRef uid="10" />
              <SequencePoints>
                <SequencePoint vc="1" uspid="3769" ordinal="0" offset="0" sl="32" sc="5" el="32" ec="5" bec="0" bev="0" fileid="10">
                  <TrackedMethodRefs>
                    <TrackedMethodRef uid="0" vc="1" />
                  </TrackedMethodRefs>
                </SequencePoint>
                <SequencePoint vc="1" uspid="3770" ordinal="0" offset="7" sl="32" sc="71" el="32" ec="71" bec="0" bev="0" fileid="10">
                  <TrackedMethodRefs>
                    <TrackedMethodRef uid="0" vc="1" />
                  </TrackedMethodRefs>
                </SequencePoint>
                <SequencePoint vc="1" uspid="3771" ordinal="0" offset="8" sl="33" sc="9" el="33" ec="9" bec="0" bev="0" fileid="10">
                  <TrackedMethodRefs>
                    <TrackedMethodRef uid="0" vc="1" />
                  </TrackedMethodRefs>
                </SequencePoint>
                <SequencePoint vc="1" uspid="3772" ordinal="0" offset="53" sl="34" sc="9" el="34" ec="9" bec="0" bev="0" fileid="10">
                  <TrackedMethodRefs>
                    <TrackedMethodRef uid="0" vc="1" />
                  </TrackedMethodRefs>
                </SequencePoint>
                <SequencePoint vc="1" uspid="3773" ordinal="0" offset="60" sl="35" sc="9" el="35" ec="9" bec="0" bev="0" fileid="10">
                  <TrackedMethodRefs>
                    <TrackedMethodRef uid="0" vc="1" />
                  </TrackedMethodRefs>
                </SequencePoint>
                <SequencePoint vc="1" uspid="3774" ordinal="0" offset="67" sl="36" sc="5" el="36" ec="5" bec="0" bev="0" fileid="10">
                  <TrackedMethodRefs>
                    <TrackedMethodRef uid="0" vc="1" />
                  </TrackedMethodRefs>
                </SequencePoint>
              </SequencePoints>
              <BranchPoints />
            </Method>
          </Methods>
        </Class>
        <Class>
          <Summary numSequencePoints="7" visitedSequencePoints="7" numBranchPoints="0" visitedBranchPoints="0" sequenceCoverage="100.0" branchCoverage="0.0" maxCyclomaticComplexity="0" minCyclomaticComplexity="0" maxCrapScore="0" minCrapScore="0" visitedClasses="1" numClasses="1" visitedMethods="2" numMethods="2" />
          <FullName>VoxelChunkData</FullName>
          <Methods>
            <Method visited="true" cyclomaticComplexity="0" nPathComplexity="0" sequenceCoverage="100.0" branchCoverage="0" crapScore="0" isConstructor="false" isStatic="true" isGetter="true" isSetter="false">
              <Summary numSequencePoints="3" visitedSequencePoints="3" numBranchPoints="0" visitedBranchPoints="0" sequenceCoverage="100.0" branchCoverage="0" maxCyclomaticComplexity="0" minCyclomaticComplexity="0" maxCrapScore="0" minCrapScore="0" visitedClasses="0" numClasses="0" visitedMethods="1" numMethods="1" />
              <MetadataToken>100663303</MetadataToken>
              <Name>static System.Int32 VoxelChunkData::get_CHUNK_VOLUME()</Name>
              <FileRef uid="10" />
              <SequencePoints>
                <SequencePoint vc="1" uspid="3775" ordinal="0" offset="0" sl="68" sc="42" el="68" ec="42" bec="0" bev="0" fileid="10">
                  <TrackedMethodRefs>
                    <TrackedMethodRef uid="0" vc="1" />
                  </TrackedMethodRefs>
                </SequencePoint>
                <SequencePoint vc="1" uspid="3776" ordinal="0" offset="1" sl="68" sc="44" el="68" ec="44" bec="0" bev="0" fileid="10">
                  <TrackedMethodRefs>
                    <TrackedMethodRef uid="0" vc="1" />
                  </TrackedMethodRefs>
                </SequencePoint>
                <SequencePoint vc="1" uspid="3777" ordinal="0" offset="36" sl="68" sc="95" el="68" ec="95" bec="0" bev="0" fileid="10">
                  <TrackedMethodRefs>
                    <TrackedMethodRef uid="0" vc="1" />
                  </TrackedMethodRefs>
                </SequencePoint>
              </SequencePoints>
              <BranchPoints />
            </Method>
            <Method visited="true" cyclomaticComplexity="0" nPathComplexity="0" sequenceCoverage="100.0" branchCoverage="0" crapScore="0" isConstructor="true" isStatic="false" isGetter="false" isSetter="false">
              <Summary numSequencePoints="4" visitedSequencePoints="4" numBranchPoints="0" visitedBranchPoints="0" sequenceCoverage="100.0" branchCoverage="0" maxCyclomaticComplexity="0" minCyclomaticComplexity="0" maxCrapScore="0" minCrapScore="0" visitedClasses="0" numClasses="0" visitedMethods="1" numMethods="1" />
              <MetadataToken>100663304</MetadataToken>
              <Name>VoxelChunkData::VoxelChunkData(Unity.Collections.NativeArray[Voxel], Unity.Mathematics.int3)</Name>
              <FileRef uid="10" />
              <SequencePoints>
                <SequencePoint vc="1" uspid="3847" ordinal="0" offset="0" sl="75" sc="74" el="75" ec="74" bec="0" bev="0" fileid="10">
                  <TrackedMethodRefs>
                    <TrackedMethodRef uid="0" vc="1" />
                  </TrackedMethodRefs>
                </SequencePoint>
                <SequencePoint vc="1" uspid="3848" ordinal="0" offset="1" sl="76" sc="9" el="76" ec="9" bec="0" bev="0" fileid="10">
                  <TrackedMethodRefs>
                    <TrackedMethodRef uid="0" vc="1" />
                  </TrackedMethodRefs>
                </SequencePoint>
                <SequencePoint vc="1" uspid="3849" ordinal="0" offset="8" sl="77" sc="9" el="77" ec="9" bec="0" bev="0" fileid="10">
                  <TrackedMethodRefs>
                    <TrackedMethodRef uid="0" vc="1" />
                  </TrackedMethodRefs>
                </SequencePoint>
                <SequencePoint vc="1" uspid="3850" ordinal="0" offset="15" sl="78" sc="5" el="78" ec="5" bec="0" bev="0" fileid="10">
                  <TrackedMethodRefs>
                    <TrackedMethodRef uid="0" vc="1" />
                  </TrackedMethodRefs>
                </SequencePoint>
              </SequencePoints>
              <BranchPoints />
            </Method>
          </Methods>
        </Class>
      </Classes>
      <TrackedMethods>
        <TrackedMethod uid="0" token="100663299" name="System.Void CunkTest::TestChunkSize()" strategy="Test" />
      </TrackedMethods>
    </Module>
    <Module>
      <Summary numSequencePoints="14" visitedSequencePoints="14" numBranchPoints="0" visitedBranchPoints="0" sequenceCoverage="100.0" branchCoverage="0.0" maxCyclomaticComplexity="0" minCyclomaticComplexity="0" maxCrapScore="0" minCrapScore="0" visitedClasses="1" numClasses="1" visitedMethods="2" numMethods="2" />
      <ModuleTime>0001-01-01T00:00:00</ModuleTime>
      <ModuleName>Tests</ModuleName>
      <Files>
        <File uid="11" fullPath="C:/Users/nico_/OneDrive/Documents/GitHub/Elysian-Outpost/Elysian-Outpost/Assets/Tests/CunkTest.cs" />
      </Files>
      <Classes>
        <Class>
          <Summary numSequencePoints="14" visitedSequencePoints="14" numBranchPoints="0" visitedBranchPoints="0" sequenceCoverage="100.0" branchCoverage="0.0" maxCyclomaticComplexity="0" minCyclomaticComplexity="0" maxCrapScore="0" minCrapScore="0" visitedClasses="1" numClasses="1" visitedMethods="2" numMethods="2" />
          <FullName>CunkTest</FullName>
          <Methods>
            <Method visited="true" cyclomaticComplexity="0" nPathComplexity="0" sequenceCoverage="100.0" branchCoverage="0" crapScore="0" isConstructor="false" isStatic="false" isGetter="false" isSetter="false">
              <Summary numSequencePoints="10" visitedSequencePoints="10" numBranchPoints="0" visitedBranchPoints="0" sequenceCoverage="100.0" branchCoverage="0" maxCyclomaticComplexity="0" minCyclomaticComplexity="0" maxCrapScore="0" minCrapScore="0" visitedClasses="0" numClasses="0" visitedMethods="1" numMethods="1" />
              <MetadataToken>100663297</MetadataToken>
              <Name>System.Void CunkTest::Setup()</Name>
              <FileRef uid="11" />
              <SequencePoints>
                <SequencePoint vc="1" uspid="3852" ordinal="0" offset="0" sl="15" sc="25" el="15" ec="25" bec="0" bev="0" fileid="11">
                  <TrackedMethodRefs>
                    <TrackedMethodRef uid="1" vc="1" />
                  </TrackedMethodRefs>
                </SequencePoint>
                <SequencePoint vc="1" uspid="3853" ordinal="0" offset="1" sl="16" sc="9" el="16" ec="9" bec="0" bev="0" fileid="11">
                  <TrackedMethodRefs>
                    <TrackedMethodRef uid="1" vc="1" />
                  </TrackedMethodRefs>
                </SequencePoint>
                <SequencePoint vc="1" uspid="3854" ordinal="0" offset="21" sl="17" sc="14" el="17" ec="14" bec="0" bev="0" fileid="11">
                  <TrackedMethodRefs>
                    <TrackedMethodRef uid="1" vc="1" />
                  </TrackedMethodRefs>
                </SequencePoint>
                <SequencePoint vc="8192" uspid="3855" ordinal="0" offset="25" sl="17" sc="124" el="17" ec="124" bec="0" bev="0" fileid="11">
                  <TrackedMethodRefs>
                    <TrackedMethodRef uid="1" vc="8192" />
                  </TrackedMethodRefs>
                </SequencePoint>
                <SequencePoint vc="8192" uspid="3856" ordinal="0" offset="26" sl="18" sc="13" el="18" ec="13" bec="0" bev="0" fileid="11">
                  <TrackedMethodRefs>
                    <TrackedMethodRef uid="1" vc="8192" />
                  </TrackedMethodRefs>
                </SequencePoint>
                <SequencePoint vc="8192" uspid="3857" ordinal="0" offset="63" sl="22" sc="9" el="22" ec="9" bec="0" bev="0" fileid="11">
                  <TrackedMethodRefs>
                    <TrackedMethodRef uid="1" vc="8192" />
                  </TrackedMethodRefs>
                </SequencePoint>
                <SequencePoint vc="8192" uspid="3858" ordinal="0" offset="64" sl="17" sc="119" el="17" ec="119" bec="0" bev="0" fileid="11">
                  <TrackedMethodRefs>
                    <TrackedMethodRef uid="1" vc="8192" />
                  </TrackedMethodRefs>
                </SequencePoint>
                <SequencePoint vc="8193" uspid="3859" ordinal="0" offset="68" sl="17" sc="25" el="17" ec="25" bec="0" bev="0" fileid="11">
                  <TrackedMethodRefs>
                    <TrackedMethodRef uid="1" vc="8193" />
                  </TrackedMethodRefs>
                </SequencePoint>
                <SequencePoint vc="1" uspid="3860" ordinal="0" offset="110" sl="24" sc="9" el="24" ec="9" bec="0" bev="0" fileid="11">
                  <TrackedMethodRefs>
                    <TrackedMethodRef uid="1" vc="1" />
                  </TrackedMethodRefs>
                </SequencePoint>
                <SequencePoint vc="1" uspid="3861" ordinal="0" offset="127" sl="25" sc="5" el="25" ec="5" bec="0" bev="0" fileid="11">
                  <TrackedMethodRefs>
                    <TrackedMethodRef uid="1" vc="1" />
                  </TrackedMethodRefs>
                </SequencePoint>
              </SequencePoints>
              <BranchPoints />
            </Method>
            <Method visited="true" cyclomaticComplexity="0" nPathComplexity="0" sequenceCoverage="100.0" branchCoverage="0" crapScore="0" isConstructor="false" isStatic="false" isGetter="false" isSetter="false">
              <Summary numSequencePoints="4" visitedSequencePoints="4" numBranchPoints="0" visitedBranchPoints="0" sequenceCoverage="100.0" branchCoverage="0" maxCyclomaticComplexity="0" minCyclomaticComplexity="0" maxCrapScore="0" minCrapScore="0" visitedClasses="0" numClasses="0" visitedMethods="1" numMethods="1" />
              <MetadataToken>100663299</MetadataToken>
              <Name>System.Void CunkTest::TestChunkSize()</Name>
              <FileRef uid="11" />
              <SequencePoints>
                <SequencePoint vc="1" uspid="3867" ordinal="0" offset="0" sl="39" sc="33" el="39" ec="33" bec="0" bev="0" fileid="11">
                  <TrackedMethodRefs>
                    <TrackedMethodRef uid="1" vc="1" />
                  </TrackedMethodRefs>
                </SequencePoint>
                <SequencePoint vc="1" uspid="3868" ordinal="0" offset="1" sl="40" sc="9" el="40" ec="9" bec="0" bev="0" fileid="11">
                  <TrackedMethodRefs>
                    <TrackedMethodRef uid="1" vc="1" />
                  </TrackedMethodRefs>
                </SequencePoint>
                <SequencePoint vc="1" uspid="3869" ordinal="0" offset="33" sl="41" sc="9" el="41" ec="9" bec="0" bev="0" fileid="11">
                  <TrackedMethodRefs>
                    <TrackedMethodRef uid="1" vc="1" />
                  </TrackedMethodRefs>
                </SequencePoint>
                <SequencePoint vc="1" uspid="3870" ordinal="0" offset="59" sl="42" sc="5" el="42" ec="5" bec="0" bev="0" fileid="11">
                  <TrackedMethodRefs>
                    <TrackedMethodRef uid="1" vc="1" />
                  </TrackedMethodRefs>
                </SequencePoint>
              </SequencePoints>
              <BranchPoints />
            </Method>
          </Methods>
        </Class>
      </Classes>
      <TrackedMethods>
        <TrackedMethod uid="1" token="100663299" name="System.Void CunkTest::TestChunkSize()" strategy="Test" />
      </TrackedMethods>
    </Module>
  </Modules>
</CoverageSession>